Warning: Permanently added '10.247.13.209' (ECDSA) to the list of known hosts.
æ€»ç”¨é‡ 9.0M
drwxr-xr-x  5 yzj yzj   85 6æœˆ   3 2019 assetvision
drwxr-xr-x  3 yzj yzj   38 6æœˆ   3 2019 yun-ui-doc
drwxr-xr-x  9 yzj yzj  198 6æœˆ   3 2019 open-wiki
drwxr-xr-x  3 yzj yzj   38 6æœˆ   3 2019 byconscience-mobile
drwxr-xr-x  2 yzj yzj   44 6æœˆ   3 2019 weblive
drwxr-xr-x  3 yzj yzj   38 6æœˆ   3 2019 speed-front
drwxr-xr-x  5 yzj yzj   56 6æœˆ   3 2019 ipad-experience
drwxr-xr-x  3 yzj yzj   38 6æœˆ   3 2019 activities
drwxr-xr-x  5 yzj yzj   56 6æœˆ   3 2019 work-performance
drwxr-xr-x  6 yzj yzj   88 6æœˆ   3 2019 xiaoyun-web
drwxr-xr-x  2 yzj yzj    6 6æœˆ   3 2019 wiki
drwxr-xr-x  3 yzj yzj   38 6æœˆ   3 2019 bigdata-dmp-fe
drwxr-xr-x  3 yzj yzj  120 6æœˆ   3 2019 bosspub-front
drwxr-xr-x  3 yzj yzj   85 6æœˆ   3 2019 connecterp-dashboard
drwxr-xr-x  3 yzj yzj   38 6æœˆ   3 2019 assetvision-mobile
drwxr-xr-x  3 yzj yzj   56 6æœˆ   3 2019 vision
drwxr-xr-x  3 yzj yzj   38 6æœˆ   3 2019 datasheet-mobile-bi
drwxr-xr-x  3 yzj yzj   38 6æœˆ   3 2019 energy-planet
drwxr-xr-x  5 yzj yzj 4.0K 6æœˆ   3 2019 yzjlitchiapp
drwxr-xr-x  3 yzj yzj   38 6æœˆ   3 2019 yzj-issue
drwxr-xr-x  3 yzj yzj   38 6æœˆ   3 2019 app-guide
drwxr-xr-x  3 yzj yzj   38 6æœˆ   3 2019 public-auth
drwxr-xr-x  3 yzj yzj   38 6æœˆ   3 2019 welfare
drwxr-xr-x  7 yzj yzj  320 6æœˆ   3 2019 xy-experience
drwxr-xr-x  3 yzj yzj   38 6æœˆ   3 2019 workplace-glory
drwxr-xr-x  5 yzj yzj   71 6æœˆ   3 2019 credit-manage
drwxr-xr-x  3 yzj yzj   38 6æœˆ   4 2019 yun-ui
drwxr-xr-x  3 yzj yzj   18 6æœˆ  11 2019 homeandroid
drwxr-xr-x  2 yzj yzj   35 7æœˆ  23 2019 im
drwxr-xr-x  7 yzj yzj  102 8æœˆ  20 2019 cloud-office-admin
drwxr-xr-x  5 yzj yzj 4.0K 9æœˆ   6 2019 crm-storepreview-nodejs
drwxr-xr-x  3 yzj yzj   38 10æœˆ 22 2019 card-platform
drwxr-xr-x  3 yzj yzj  126 10æœˆ 29 2019 cloudflow-crm
drwxr-xr-x 13 yzj yzj  278 11æœˆ 11 2019 gitbook-wiki
-rwxr-xr-x  1 yzj yzj 8.8M 11æœˆ 21 2019 1.tar.gz
drwxr-xr-x  3 yzj yzj   38 1æœˆ   7 2020 workreport-analyze
drwxr-xr-x  4 yzj yzj  265 2æœˆ  27 2020 yzjimsdkweb
drwxr-xr-x  6 yzj yzj   88 3æœˆ  12 2020 case-market
drwxr-xr-x  4 yzj yzj  134 3æœˆ  19 2020 tribe-car
drwxr-xr-x 10 yzj yzj  122 4æœˆ  16 2020 home
drwxr-xr-x  3 yzj yzj   38 5æœˆ  29 2020 yzjcrmweb
drwxr-xr-x  3 yzj yzj   38 6æœˆ  23 2020 datasheet-web-bi
drwxr-xr-x  3 yzj yzj  279 8æœˆ  11 2020 meeting-minutes
drwxr-xr-x  5 yzj yzj   91 8æœˆ  31 2020 yzjomc-mobile
drwxr-xr-x  3 yzj yzj   38 8æœˆ  31 2020 vas
drwxr-xr-x  6 yzj yzj   85 9æœˆ  10 2020 yzjoms-web
drwxr-xr-x  3 yzj yzj   38 9æœˆ  24 2020 yzj-order
drwxr-xr-x  7 yzj yzj  123 10æœˆ 16 2020 myapp
drwxr-xr-x  3 yzj yzj   38 10æœˆ 22 2020 attendance-machine
drwxr-xr-x  5 yzj yzj   81 11æœˆ 10 2020 connecterp-wiki
drwxr-xr-x  8 yzj yzj  120 12æœˆ  8 2020 connecterp-admin
drwxr-xr-x  6 yzj yzj   88 12æœˆ 29 2020 yzjspacemanage
drwxr-xr-x  3 yzj yzj   63 1æœˆ   7 2021 bulletin-web
drwxr-xr-x  3 yzj yzj   38 5æœˆ  11 2021 cloudflow-openplatform
drwxr-xr-x  3 yzj yzj  103 7æœˆ   8 2021 live-meeting
drwxr-xr-x  5 yzj yzj  138 8æœˆ  10 2021 manage-h5
drwxr-xr-x  6 yzj yzj 4.0K 11æœˆ  4 2021 yzjmaillistweb
drwxr-xr-x  3 yzj yzj   85 11æœˆ 23 2021 attendance-mobile
drwxr-xr-x  3 yzj yzj   38 3æœˆ  29 2022 cloudflow-wiki
drwxr-xr-x  9 yzj yzj  12K 4æœˆ  13 2022 workreport-web
drwxr-xr-x  5 yzj yzj   75 4æœˆ  21 2022 yzjcontactsapp
drwxr-xr-x  6 yzj yzj   93 6æœˆ  23 2022 vote2
drwxr-xr-x  5 yzj yzj   77 7æœˆ  19 2022 confmanage
drwxr-xr-x  7 yzj yzj  100 8æœˆ  25 2022 yzjconnectweb
drwxr-xr-x  4 yzj yzj  115 9æœˆ  22 2022 workreport-manage
drwxr-xr-x  6 yzj yzj  122 10æœˆ 11 2022 online-docs
drwxr-xr-x  5 yzj yzj  24K 10æœˆ 13 2022 meeting-book
drwxr-xr-x  6 yzj yzj   99 10æœˆ 20 2022 healthcare
drwxr-xr-x  4 yzj yzj   62 11æœˆ 15 2022 meeting-book-web
drwxr-xr-x  3 yzj yzj   38 11æœˆ 29 2022 webfront-contact
drwxr-xr-x  5 yzj yzj 8.0K 12æœˆ  1 2022 yzjstoremanage
drwxr-xr-x  5 yzj yzj  112 12æœˆ  6 2022 work-report-pc
drwxr-xr-x 14 yzj yzj  16K 2æœˆ  14 2023 imbu
drwxr-xr-x  5 yzj yzj  257 2æœˆ  14 2023 team-account
drwxr-xr-x  3 yzj yzj   38 3æœˆ  16 2023 attendance-web
drwxr-xr-x  3 yzj yzj   38 3æœˆ  17 2023 cloudflow-seal
drwxr-xr-x  4 yzj yzj  16K 3æœˆ  21 2023 webfront-im
drwxr-xr-x  4 yzj yzj 8.0K 4æœˆ  13 2023 cloud-office
drwxr-xr-x  6 yzj yzj   95 4æœˆ  13 2023 survey
drwxr-xr-x 15 yzj yzj  48K 4æœˆ  25 2023 yzj-layout
drwxr-xr-x  5 yzj yzj   78 5æœˆ   9 2023 mywork
drwxr-xr-x  7 yzj yzj   99 5æœˆ   9 2023 mywork-web
drwxr-xr-x  4 yzj yzj  116 5æœˆ   9 2023 option-manage
drwxr-xr-x  7 yzj yzj  162 5æœˆ  18 2023 yzjomc-web
drwxr-xr-x  3 yzj yzj  131 5æœˆ  30 2023 pubacc-front
drwxr-xr-x  5 yzj yzj   83 5æœˆ  30 2023 manage-web
drwxr-xr-x  3 yzj yzj   57 5æœˆ  31 2023 cloudflow-print
drwxr-xr-x  3 yzj yzj   38 5æœˆ  31 2023 cloudflow-mobile
drwxr-xr-x 90 yzj yzj 4.0K 6æœˆ  21 2023 .
drwxr-xr-x  9 yzj yzj  292 6æœˆ  27 21:43 cloudflow
drwxr-xr-x  7 yzj yzj   74 9æœˆ   4 20:37 ..
æ€»ç”¨é‡ 20M
-rwxr-xr-x  1 yzj yzj  346 5æœˆ  31 2019 apple-app-site-association.2107.2019-10-18@13:53:58~
drwxr-xr-x  5 yzj yzj   60 6æœˆ   3 2019 remind
drwxr-xr-x  4 yzj yzj  116 6æœˆ   3 2019 yzjdoc
drwxr-xr-x  4 yzj yzj   87 6æœˆ   3 2019 mh5
drwxr-xr-x  3 yzj yzj   19 6æœˆ   3 2019 res
drwxr-xr-x  3 yzj yzj  152 6æœˆ   3 2019 omweb
drwxr-xr-x  2 yzj yzj 4.0K 6æœˆ   3 2019 wens
drwxr-xr-x  3 yzj yzj   16 6æœˆ   3 2019 pub
drwxr-xr-x  2 yzj yzj  207 6æœˆ   3 2019 iosupdate
-rwxr-xr-x  1 yzj yzj 4.2K 6æœˆ  11 2019 favicon.ico
-rwxr-xr-x  1 yzj yzj 2.1K 6æœˆ  11 2019 qingjs.js.2016-06-29@16:46:41~
-rwxr-xr-x  1 yzj yzj 2.3K 6æœˆ  11 2019 index.php
-rwxr-xr-x  1 yzj yzj  346 6æœˆ  11 2019 apple-app-site-association.429.2019-10-18@13:53:58~
-rwxr-xr-x  1 yzj yzj 1.4K 6æœˆ  11 2019 favicon.jpg
-rwxr-xr-x  1 yzj yzj   60 6æœˆ  11 2019 yzj.im.html
-rwxr-xr-x  1 yzj yzj  346 6æœˆ  11 2019 apple-app-site-association.9958.2019-10-18@13:53:58~
-rwxr-xr-x  1 yzj yzj 2.1K 6æœˆ  11 2019 qingjs.js.2016-06-29@16:46:42~
-rwxr-xr-x  1 yzj yzj 1.4K 6æœˆ  11 2019 favicon.ico.2016-12-08@11:00:57~
-rwxr-xr-x  1 yzj yzj  775 6æœˆ  11 2019 config.inc.php.2016-06-15@16:24:36~
-rwxr-xr-x  1 yzj yzj  778 6æœˆ  11 2019 config.inc.php
-rwxr-xr-x  1 yzj yzj 2.1K 6æœˆ  11 2019 qingjs.js
-rwxr-xr-x  1 yzj yzj  346 6æœˆ  11 2019 apple-app-site-association.18320.2019-10-18@13:53:58~
-rwxr-xr-x  1 yzj yzj   32 8æœˆ  26 2019 webscan_360_cn.html
-rwxr-xr-x  1 yzj yzj  474 10æœˆ 18 2019 apple-app-site-association.30508.2020-05-18@11:32:15~
-rwxr-xr-x  1 yzj yzj  474 10æœˆ 18 2019 apple-app-site-association.1172.2020-05-18@11:32:16~
-rwxr-xr-x  1 yzj yzj  474 10æœˆ 18 2019 apple-app-site-association.26383.2020-05-18@11:32:16~
-rwxr-xr-x  1 yzj yzj  474 10æœˆ 18 2019 apple-app-site-association.11533.2020-05-18@11:32:16~
-rwxr-xr-x  1 yzj yzj   32 3æœˆ  20 2020 uclZVQjqQI.txt
-rwxr-xr-x  1 yzj yzj  459 5æœˆ  18 2020 apple-app-site-association.22061.2020-05-25@18:10:17~
-rwxr-xr-x  1 yzj yzj  459 5æœˆ  18 2020 apple-app-site-association.3841.2020-05-25@18:10:19~
-rwxr-xr-x  1 yzj yzj  459 5æœˆ  18 2020 apple-app-site-association.18648.2020-05-25@18:10:19~
-rwxr-xr-x  1 yzj yzj  459 5æœˆ  18 2020 apple-app-site-association.27760.2020-05-25@18:10:19~
-rwxr-xr-x  1 yzj yzj  617 5æœˆ  25 2020 apple-app-site-association.14363.2020-06-10@13:35:40~
-rwxr-xr-x  1 yzj yzj  617 5æœˆ  25 2020 apple-app-site-association.20551.2020-06-10@13:35:41~
-rwxr-xr-x  1 yzj yzj  617 5æœˆ  25 2020 apple-app-site-association.12551.2020-06-10@13:35:41~
-rwxr-xr-x  1 yzj yzj  617 5æœˆ  25 2020 apple-app-site-association.31892.2020-06-10@13:35:41~
-rwxr-xr-x  1 yzj yzj  632 6æœˆ  10 2020 apple-app-site-association.11136.2020-07-03@15:50:40~
-rwxr-xr-x  1 yzj yzj  632 6æœˆ  10 2020 apple-app-site-association.12885.2020-07-03@15:50:41~
-rwxr-xr-x  1 yzj yzj  632 6æœˆ  10 2020 apple-app-site-association.1094.2020-07-03@15:50:41~
-rwxr-xr-x  1 yzj yzj  632 6æœˆ  10 2020 apple-app-site-association.21852.2020-07-03@15:50:41~
-rwxr-xr-x  1 yzj yzj  791 7æœˆ   3 2020 apple-app-site-association.20589.2020-07-13@16:18:09~
-rwxr-xr-x  1 yzj yzj  791 7æœˆ   3 2020 apple-app-site-association.21273.2020-07-13@16:18:10~
-rwxr-xr-x  1 yzj yzj  791 7æœˆ   3 2020 apple-app-site-association.22750.2020-07-13@16:18:10~
-rwxr-xr-x  1 yzj yzj  791 7æœˆ   3 2020 apple-app-site-association.25946.2020-07-13@16:18:10~
-rwxr-xr-x  1 yzj yzj  950 7æœˆ  13 2020 apple-app-site-association.21775.2020-09-21@19:47:01~
-rwxr-xr-x  1 yzj yzj  950 7æœˆ  13 2020 apple-app-site-association.28688.2020-09-21@19:47:01~
-rwxr-xr-x  1 yzj yzj  950 7æœˆ  13 2020 apple-app-site-association.5076.2020-09-21@19:47:02~
-rwxr-xr-x  1 yzj yzj  632 7æœˆ  28 2020 apple-app-site-association.23895.2020-07-03@15:50:40~
-rwxr-xr-x  1 yzj yzj  459 7æœˆ  28 2020 apple-app-site-association.27547.2020-05-25@18:10:19~
-rwxr-xr-x  1 yzj yzj  617 7æœˆ  28 2020 apple-app-site-association.22709.2020-06-10@13:35:41~
-rwxr-xr-x  1 yzj yzj  474 7æœˆ  28 2020 apple-app-site-association.2686.2020-05-18@11:32:16~
-rwxr-xr-x  1 yzj yzj  346 7æœˆ  28 2020 apple-app-site-association.26290.2019-10-18@13:53:58~
-rwxr-xr-x  1 yzj yzj  791 7æœˆ  28 2020 apple-app-site-association.2361.2020-07-13@16:18:10~
-rwxr-xr-x  1 yzj yzj 1.1K 9æœˆ  21 2020 apple-app-site-association.24937.2020-11-18@16:31:56~
drwxr-xr-x  3 yzj yzj   22 10æœˆ 14 2020 error
-rwxr-xr-x  1 yzj yzj 1.2K 11æœˆ 18 2020 apple-app-site-association.23435.2020-12-23@10:41:23~
-rwxr-xr-x  1 yzj yzj 1.4K 12æœˆ 23 2020 apple-app-site-association.15693.2021-01-05@13:57:05~
-rwxr-xr-x  1 yzj yzj 1.5K 1æœˆ   5 2021 apple-app-site-association.28628.2021-03-31@16:45:14~
-rwxr-xr-x  1 yzj yzj 1.5K 3æœˆ  31 2021 apple-app-site-association.13539.2021-05-08@11:11:13~
-rwxr-xr-x  1 yzj yzj 1.7K 5æœˆ   8 2021 apple-app-site-association.25077.2021-05-10@19:19:54~
-rwxr-xr-x  1 yzj yzj 1.7K 5æœˆ  10 2021 apple-app-site-association.20065.2022-03-29@16:17:44~
-rwxr-xr-x  1 yzj yzj 1.9K 3æœˆ  29 2022 apple-app-site-association.5233.2022-03-30@17:18:08~
-rwxr-xr-x  1 yzj yzj 1.9K 3æœˆ  30 2022 apple-app-site-association.10564.2022-05-18@10:33:42~
-rwxr-xr-x  1 yzj yzj 2.0K 5æœˆ  18 2022 apple-app-site-association.10670.2022-12-15@17:16:34~
-rwxr-xr-x  1 yzj yzj 2.2K 12æœˆ 15 2022 apple-app-site-association.9181.2023-01-30@14:45:14~
-rwxr-xr-x  1 yzj yzj 2.3K 1æœˆ  30 2023 apple-app-site-association.16409.2023-01-30@15:21:20~
-rwxr-xr-x  1 yzj yzj 2.3K 1æœˆ  30 2023 apple-app-site-association.14336.2024-03-08@09:15:23~
-rw-rw-r--  1 yzj yzj   16 3æœˆ  31 2023 WW_verify_MMN7SLmXPDvqwi81.txt
-rw-rw-r--  1 yzj yzj   16 4æœˆ  14 2023 WW_verify_t0n6J85OtHBKXUBh.txt
-rw-rw-r--  1 yzj yzj 9.5M 6æœˆ  21 2023 node-v17.6.0-headers.tar.gz
-rw-rw-r--  1 yzj yzj 9.5M 6æœˆ  21 2023 node-v17.6.0-headers.tar.gz.mp3
-rwxr-xr-x  1 yzj yzj 2.5K 3æœˆ   8 09:15 apple-app-site-association.13760.2024-05-31@13:26:58~
-rwxr-xr-x  1 yzj yzj 2.6K 5æœˆ  31 13:26 apple-app-site-association
drwxr-xr-x 12 yzj yzj 8.0K 5æœˆ  31 13:26 .
drwxr-xr-x  2 yzj yzj 8.0K 6æœˆ  18 19:54 downloadstaticfile
drwxr-xr-x  7 yzj yzj   74 9æœˆ   4 20:37 ..
æ€»ç”¨é‡ 829M
drwxr-xr-x 6 yzj yzj  108 9æœˆ  11 2018 node
-rwxr-xr-x 1 yzj yzj  81M 6æœˆ   4 2019 logstash-2.4.1.noarch.rpm
-rwxr-xr-x 1 yzj yzj 2.5K 6æœˆ   4 2019 rmsyslog_new.sh
-rwxr-xr-x 1 yzj yzj  12M 6æœˆ  10 2019 filebeat-6.1.0-x86_64.rpm
-rwxr-xr-x 1 yzj yzj 7.9K 10æœˆ 23 2019 rmapplog_new.sh
-rwxr-xr-x 1 yzj yzj 7.3K 11æœˆ  4 2019 check_process.sh
-rwxr-xr-x 1 yzj yzj  17M 11æœˆ 11 2019 node-v8.12.0-linux-x64.tar.gz
-rwxr-xr-x 1 yzj yzj 1.2M 11æœˆ 11 2019 yarn.tar.gz
-rwxr-xr-x 1 yzj yzj  31M 11æœˆ 11 2019 node_v8_offline.tar.gz
-rwxr-xr-x 1 yzj yzj 687M 4æœˆ  22 2020 home.zip
-rwxr-xr-x 1 yzj yzj 999K 10æœˆ 14 2020 images.zip
-rw-rw-r-- 1 yzj yzj  913 11æœˆ  4 2022 clean_deploy_oldfile.sh
-rwxr-xr-x 1 yzj yzj 6.2K 6æœˆ  13 2023 cutnginxlog.sh
drwxr-xr-x 3 yzj yzj 4.0K 6æœˆ  13 2023 .
-rw-rw-r-- 1 yzj yzj 131K 9æœˆ   4 01:00 deploy_backup_clean.log
drwxr-xr-x 7 yzj yzj   74 9æœˆ   4 20:37 ..
æ€»ç”¨é‡ 284K
drwxr-xr-x  2 yzj  yzj  4.0K 6æœˆ   3 2019 rewrite_conf.d
-rwxr-xr-x  1 yzj  yzj   664 6æœˆ  18 2019 uwsgi_params
-rwxr-xr-x  1 yzj  yzj   964 6æœˆ  18 2019 fastcgi_params
-rwxr-xr-x  1 yzj  yzj  1.1K 6æœˆ  18 2019 fastcgi.conf
-rwxr-xr-x  1 yzj  yzj  3.9K 6æœˆ  18 2019 mime.types
-rwxr-xr-x  1 yzj  yzj   636 6æœˆ  18 2019 scgi_params
drwxr-xr-x  2 yzj  yzj  4.0K 7æœˆ   6 2020 ops_conf.d
-rwxr-xr-x  1 yzj  yzj  2.2K 12æœˆ 11 2020 koi-win
-rwxr-xr-x  1 yzj  yzj  2.8K 12æœˆ 11 2020 koi-utf
-rwxr-xr-x  1 yzj  yzj  3.6K 12æœˆ 11 2020 win-utf
-rwxr-xr-x  1 yzj  yzj  5.2K 12æœˆ 11 2020 mime.types.default
-rwxr-xr-x  1 yzj  yzj  1007 12æœˆ 11 2020 fastcgi_params.default
-rwxr-xr-x  1 yzj  yzj  1.1K 12æœˆ 11 2020 fastcgi.conf.default
-rwxr-xr-x  1 yzj  yzj   664 12æœˆ 11 2020 uwsgi_params.default
-rwxr-xr-x  1 yzj  yzj   636 12æœˆ 11 2020 scgi_params.default
-rwxr-xr-x  1 yzj  yzj  2.6K 12æœˆ 11 2020 nginx.conf.default
-rwxr-xr-x  1 yzj  yzj   27K 4æœˆ  21 2023 nginx.conf.bak20230421
-rwxr-xr-x  1 yzj  yzj   27K 6æœˆ  29 2023 nginx.conf.bak20230629
drwxr-xr-x  2 yzj  yzj  4.0K 8æœˆ   7 2023 static_conf.d
drwxr-xr-x  3 yzj  yzj  4.0K 11æœˆ  7 2023 luawaf
-rw-rw-rw-  1 yzj  yzj  1.1K 11æœˆ 24 2023 limit.json
-rw-rw-rw-  1 yzj  yzj   26K 11æœˆ 25 2023 config.json
drwxr-xr-x  2 yzj  yzj  4.0K 12æœˆ 11 2023 web_conf.d
-rwxr-xr-x  1 yzj  yzj   27K 12æœˆ 22 2023 nginx.conf.bak20231222
drwxr-xr-x  4 yzj  yzj   20K 8æœˆ  15 18:55 upstream
drwxr-xr-x  2 yzj  yzj  4.0K 8æœˆ  15 18:59 buluo_conf.d
-rwxr-xr-x  1 yzj  yzj   27K 8æœˆ  15 19:06 nginx.conf
drwxr-xr-x 12 yzj  yzj  4.0K 8æœˆ  15 19:06 .
drwxr-xr-x  2 yzj  yzj   20K 9æœˆ   2 12:29 conf.d
drwxr-xr-x  4 yzj  yzj  4.0K 9æœˆ   3 19:18 vhost.conf
drwxr-xr-x  2 yzj  yzj  4.0K 9æœˆ   3 19:18 rapidssl
drwxr-xr-x  6 root root 4.0K 9æœˆ   4 20:31 ..
æ€»ç”¨é‡ 48K
-rw-r--r-- 1 root root  20K 5æœˆ  15 2020 healthcheck.lua
-rw-r--r-- 1 root root  18K 9æœˆ   4 20:31 healthcheck.lua.884348385a6cdc7136b3dd4f2c409336
drwxr-xr-x 8 root root 4.0K 9æœˆ   4 20:31 ..
drwxr-xr-x 2 root root 4.0K 9æœˆ   4 20:37 .
451bb7b57933ddb3cfee4a8d57c31dcf  /usr/local/openresty/lualib/resty/upstream/healthcheck.lua
[[0;32mInfo[0m] å³å°†é‡å¯nginx
3-    allow 120.234.7.222;
4:    allow 10.247.11.204;
5-    allow 172.22.31.250;
nginx: the configuration file /usr/local/openresty/nginx/conf/nginx.conf syntax is ok
nginx: configuration file /usr/local/openresty/nginx/conf/nginx.conf test is successful


root     26419     1  0 20:37 ?        00:00:00 nginx: master process /usr/local/openresty/nginx/sbin/nginx
yzj      26420 26419  0 20:37 ?        00:00:00 nginx: worker process
yzj      26421 26419  0 20:37 ?        00:00:00 nginx: worker process
yzj      26422 26419  0 20:37 ?        00:00:00 nginx: worker process
yzj      26423 26419  0 20:37 ?        00:00:00 nginx: worker process
yzj      26424 26419  0 20:37 ?        00:00:00 nginx: cache manager process
yzj      26425 26419  0 20:37 ?        00:00:00 nginx: cache loader process
root     26471 18897  0 20:38 pts/1    00:00:00 grep nginx
*/5 * * * * flock -xn /tmp/stargate.lock -c '/usr/local/qcloud/stargate/admin/start.sh > /dev/null 2>&1 &'
30 7 * * * /bin/nice -n 0 /bin/bash /etc/kdinit/Linux_CheckList.sh
*/5 * * * * /bin/bash /etc/kdinit/iptables_check.sh
0 0 * * * /bin/bash /kingdee/kdinit/cutnginxlog.sh >> /kingdee/nginxLog/cutnginxlog.log 2>&1
Failed to stop postfix.service: Unit postfix.service not loaded.
drwxr-xr-x    7 yzj  yzj    74 9æœˆ   4 20:37 kingdee


drwxr-xr-x  3 yzj yzj 4.0K 6æœˆ  13 2023 kdinit
drwxr-xr-x 90 yzj yzj 4.0K 6æœˆ  21 2023 www
drwxr-xr-x 12 yzj yzj 8.0K 5æœˆ  31 13:26 static
drwxr-xr-x  4 yzj yzj   30 9æœˆ   4 20:02 cache
drwxr-xr-x  3 yzj yzj  130 9æœˆ   4 20:37 nginxLog


drwxr-xr-x 12 yzj  yzj  4.0K 8æœˆ  15 19:06 conf
drwxr-xr-x  2 root root 4.0K 9æœˆ   4 20:31 sbin
drwxr-xr-x  2 root root 4.0K 9æœˆ   4 20:31 html
drwxr-xr-x  2 root root 4.0K 9æœˆ   4 20:37 logs
drwx------  2 yzj  root 4.0K 9æœˆ   4 20:37 uwsgi_temp
drwx------  2 yzj  root 4.0K 9æœˆ   4 20:37 scgi_temp
drwx------  2 yzj  root 4.0K 9æœˆ   4 20:37 fastcgi_temp
drwx------  2 yzj  root 4.0K 9æœˆ   4 20:37 client_body_temp


æ€»ç”¨é‡ 9.0M
drwxr-xr-x  5 yzj yzj   85 6æœˆ   3 2019 assetvision
drwxr-xr-x  3 yzj yzj   38 6æœˆ   3 2019 yun-ui-doc
drwxr-xr-x  9 yzj yzj  198 6æœˆ   3 2019 open-wiki
drwxr-xr-x  3 yzj yzj   38 6æœˆ   3 2019 byconscience-mobile
drwxr-xr-x  2 yzj yzj   44 6æœˆ   3 2019 weblive
drwxr-xr-x  3 yzj yzj   38 6æœˆ   3 2019 speed-front
drwxr-xr-x  5 yzj yzj   56 6æœˆ   3 2019 ipad-experience
drwxr-xr-x  3 yzj yzj   38 6æœˆ   3 2019 activities
drwxr-xr-x  5 yzj yzj   56 6æœˆ   3 2019 work-performance
drwxr-xr-x  6 yzj yzj   88 6æœˆ   3 2019 xiaoyun-web
drwxr-xr-x  2 yzj yzj    6 6æœˆ   3 2019 wiki
drwxr-xr-x  3 yzj yzj   38 6æœˆ   3 2019 bigdata-dmp-fe
drwxr-xr-x  3 yzj yzj  120 6æœˆ   3 2019 bosspub-front
drwxr-xr-x  3 yzj yzj   85 6æœˆ   3 2019 connecterp-dashboard
drwxr-xr-x  3 yzj yzj   38 6æœˆ   3 2019 assetvision-mobile
drwxr-xr-x  3 yzj yzj   56 6æœˆ   3 2019 vision
drwxr-xr-x  3 yzj yzj   38 6æœˆ   3 2019 datasheet-mobile-bi
drwxr-xr-x  3 yzj yzj   38 6æœˆ   3 2019 energy-planet
drwxr-xr-x  5 yzj yzj 4.0K 6æœˆ   3 2019 yzjlitchiapp
drwxr-xr-x  3 yzj yzj   38 6æœˆ   3 2019 yzj-issue
drwxr-xr-x  3 yzj yzj   38 6æœˆ   3 2019 app-guide
drwxr-xr-x  3 yzj yzj   38 6æœˆ   3 2019 public-auth
drwxr-xr-x  3 yzj yzj   38 6æœˆ   3 2019 welfare
drwxr-xr-x  7 yzj yzj  320 6æœˆ   3 2019 xy-experience
drwxr-xr-x  3 yzj yzj   38 6æœˆ   3 2019 workplace-glory
drwxr-xr-x  5 yzj yzj   71 6æœˆ   3 2019 credit-manage
drwxr-xr-x  3 yzj yzj   38 6æœˆ   4 2019 yun-ui
drwxr-xr-x  3 yzj yzj   18 6æœˆ  11 2019 homeandroid
drwxr-xr-x  2 yzj yzj   35 7æœˆ  23 2019 im
drwxr-xr-x  7 yzj yzj  102 8æœˆ  20 2019 cloud-office-admin
drwxr-xr-x  5 yzj yzj 4.0K 9æœˆ   6 2019 crm-storepreview-nodejs
drwxr-xr-x  3 yzj yzj   38 10æœˆ 22 2019 card-platform
drwxr-xr-x  3 yzj yzj  126 10æœˆ 29 2019 cloudflow-crm
drwxr-xr-x 13 yzj yzj  278 11æœˆ 11 2019 gitbook-wiki
-rwxr-xr-x  1 yzj yzj 8.8M 11æœˆ 21 2019 1.tar.gz
drwxr-xr-x  3 yzj yzj   38 1æœˆ   7 2020 workreport-analyze
drwxr-xr-x  4 yzj yzj  265 2æœˆ  27 2020 yzjimsdkweb
drwxr-xr-x  6 yzj yzj   88 3æœˆ  12 2020 case-market
drwxr-xr-x  4 yzj yzj  134 3æœˆ  19 2020 tribe-car
drwxr-xr-x 10 yzj yzj  122 4æœˆ  16 2020 home
drwxr-xr-x  3 yzj yzj   38 5æœˆ  29 2020 yzjcrmweb
drwxr-xr-x  3 yzj yzj   38 6æœˆ  23 2020 datasheet-web-bi
drwxr-xr-x  3 yzj yzj  279 8æœˆ  11 2020 meeting-minutes
drwxr-xr-x  5 yzj yzj   91 8æœˆ  31 2020 yzjomc-mobile
drwxr-xr-x  3 yzj yzj   38 8æœˆ  31 2020 vas
drwxr-xr-x  6 yzj yzj   85 9æœˆ  10 2020 yzjoms-web
drwxr-xr-x  3 yzj yzj   38 9æœˆ  24 2020 yzj-order
drwxr-xr-x  7 yzj yzj  123 10æœˆ 16 2020 myapp
drwxr-xr-x  3 yzj yzj   38 10æœˆ 22 2020 attendance-machine
drwxr-xr-x  5 yzj yzj   81 11æœˆ 10 2020 connecterp-wiki
drwxr-xr-x  8 yzj yzj  120 12æœˆ  8 2020 connecterp-admin
drwxr-xr-x  6 yzj yzj   88 12æœˆ 29 2020 yzjspacemanage
drwxr-xr-x  3 yzj yzj   63 1æœˆ   7 2021 bulletin-web
drwxr-xr-x  3 yzj yzj   38 5æœˆ  11 2021 cloudflow-openplatform
drwxr-xr-x  3 yzj yzj  103 7æœˆ   8 2021 live-meeting
drwxr-xr-x  5 yzj yzj  138 8æœˆ  10 2021 manage-h5
drwxr-xr-x  6 yzj yzj 4.0K 11æœˆ  4 2021 yzjmaillistweb
drwxr-xr-x  3 yzj yzj   85 11æœˆ 23 2021 attendance-mobile
drwxr-xr-x  3 yzj yzj   38 3æœˆ  29 2022 cloudflow-wiki
drwxr-xr-x  9 yzj yzj  12K 4æœˆ  13 2022 workreport-web
drwxr-xr-x  5 yzj yzj   75 4æœˆ  21 2022 yzjcontactsapp
drwxr-xr-x  6 yzj yzj   93 6æœˆ  23 2022 vote2
drwxr-xr-x  5 yzj yzj   77 7æœˆ  19 2022 confmanage
drwxr-xr-x  7 yzj yzj  100 8æœˆ  25 2022 yzjconnectweb
drwxr-xr-x  4 yzj yzj  115 9æœˆ  22 2022 workreport-manage
drwxr-xr-x  6 yzj yzj  122 10æœˆ 11 2022 online-docs
drwxr-xr-x  5 yzj yzj  24K 10æœˆ 13 2022 meeting-book
drwxr-xr-x  6 yzj yzj   99 10æœˆ 20 2022 healthcare
drwxr-xr-x  4 yzj yzj   62 11æœˆ 15 2022 meeting-book-web
drwxr-xr-x  3 yzj yzj   38 11æœˆ 29 2022 webfront-contact
drwxr-xr-x  5 yzj yzj 8.0K 12æœˆ  1 2022 yzjstoremanage
drwxr-xr-x  5 yzj yzj  112 12æœˆ  6 2022 work-report-pc
drwxr-xr-x 14 yzj yzj  16K 2æœˆ  14 2023 imbu
drwxr-xr-x  5 yzj yzj  257 2æœˆ  14 2023 team-account
drwxr-xr-x  3 yzj yzj   38 3æœˆ  16 2023 attendance-web
drwxr-xr-x  3 yzj yzj   38 3æœˆ  17 2023 cloudflow-seal
drwxr-xr-x  4 yzj yzj  16K 3æœˆ  21 2023 webfront-im
drwxr-xr-x  4 yzj yzj 8.0K 4æœˆ  13 2023 cloud-office
drwxr-xr-x  6 yzj yzj   95 4æœˆ  13 2023 survey
drwxr-xr-x 15 yzj yzj  48K 4æœˆ  25 2023 yzj-layout
drwxr-xr-x  5 yzj yzj   78 5æœˆ   9 2023 mywork
drwxr-xr-x  7 yzj yzj   99 5æœˆ   9 2023 mywork-web
drwxr-xr-x  4 yzj yzj  116 5æœˆ   9 2023 option-manage
drwxr-xr-x  7 yzj yzj  162 5æœˆ  18 2023 yzjomc-web
drwxr-xr-x  3 yzj yzj  131 5æœˆ  30 2023 pubacc-front
drwxr-xr-x  5 yzj yzj   83 5æœˆ  30 2023 manage-web
drwxr-xr-x  3 yzj yzj   57 5æœˆ  31 2023 cloudflow-print
drwxr-xr-x  3 yzj yzj   38 5æœˆ  31 2023 cloudflow-mobile
drwxr-xr-x 90 yzj yzj 4.0K 6æœˆ  21 2023 .
drwxr-xr-x  9 yzj yzj  292 6æœˆ  27 21:43 cloudflow
drwxr-xr-x  7 yzj yzj   74 9æœˆ   4 20:38 ..
æ€»ç”¨é‡ 20M
-rwxr-xr-x  1 yzj yzj  346 5æœˆ  31 2019 apple-app-site-association.2107.2019-10-18@13:53:58~
drwxr-xr-x  5 yzj yzj   60 6æœˆ   3 2019 remind
drwxr-xr-x  4 yzj yzj  116 6æœˆ   3 2019 yzjdoc
drwxr-xr-x  4 yzj yzj   87 6æœˆ   3 2019 mh5
drwxr-xr-x  3 yzj yzj   19 6æœˆ   3 2019 res
drwxr-xr-x  3 yzj yzj  152 6æœˆ   3 2019 omweb
drwxr-xr-x  2 yzj yzj 4.0K 6æœˆ   3 2019 wens
drwxr-xr-x  3 yzj yzj   16 6æœˆ   3 2019 pub
drwxr-xr-x  2 yzj yzj  207 6æœˆ   3 2019 iosupdate
-rwxr-xr-x  1 yzj yzj 4.2K 6æœˆ  11 2019 favicon.ico
-rwxr-xr-x  1 yzj yzj 2.1K 6æœˆ  11 2019 qingjs.js.2016-06-29@16:46:41~
-rwxr-xr-x  1 yzj yzj 2.3K 6æœˆ  11 2019 index.php
-rwxr-xr-x  1 yzj yzj  346 6æœˆ  11 2019 apple-app-site-association.429.2019-10-18@13:53:58~
-rwxr-xr-x  1 yzj yzj 1.4K 6æœˆ  11 2019 favicon.jpg
-rwxr-xr-x  1 yzj yzj   60 6æœˆ  11 2019 yzj.im.html
-rwxr-xr-x  1 yzj yzj  346 6æœˆ  11 2019 apple-app-site-association.9958.2019-10-18@13:53:58~
-rwxr-xr-x  1 yzj yzj 2.1K 6æœˆ  11 2019 qingjs.js.2016-06-29@16:46:42~
-rwxr-xr-x  1 yzj yzj 1.4K 6æœˆ  11 2019 favicon.ico.2016-12-08@11:00:57~
-rwxr-xr-x  1 yzj yzj  775 6æœˆ  11 2019 config.inc.php.2016-06-15@16:24:36~
-rwxr-xr-x  1 yzj yzj  778 6æœˆ  11 2019 config.inc.php
-rwxr-xr-x  1 yzj yzj 2.1K 6æœˆ  11 2019 qingjs.js
-rwxr-xr-x  1 yzj yzj  346 6æœˆ  11 2019 apple-app-site-association.18320.2019-10-18@13:53:58~
-rwxr-xr-x  1 yzj yzj   32 8æœˆ  26 2019 webscan_360_cn.html
-rwxr-xr-x  1 yzj yzj  474 10æœˆ 18 2019 apple-app-site-association.30508.2020-05-18@11:32:15~
-rwxr-xr-x  1 yzj yzj  474 10æœˆ 18 2019 apple-app-site-association.1172.2020-05-18@11:32:16~
-rwxr-xr-x  1 yzj yzj  474 10æœˆ 18 2019 apple-app-site-association.26383.2020-05-18@11:32:16~
-rwxr-xr-x  1 yzj yzj  474 10æœˆ 18 2019 apple-app-site-association.11533.2020-05-18@11:32:16~
-rwxr-xr-x  1 yzj yzj   32 3æœˆ  20 2020 uclZVQjqQI.txt
-rwxr-xr-x  1 yzj yzj  459 5æœˆ  18 2020 apple-app-site-association.22061.2020-05-25@18:10:17~
-rwxr-xr-x  1 yzj yzj  459 5æœˆ  18 2020 apple-app-site-association.3841.2020-05-25@18:10:19~
-rwxr-xr-x  1 yzj yzj  459 5æœˆ  18 2020 apple-app-site-association.18648.2020-05-25@18:10:19~
-rwxr-xr-x  1 yzj yzj  459 5æœˆ  18 2020 apple-app-site-association.27760.2020-05-25@18:10:19~
-rwxr-xr-x  1 yzj yzj  617 5æœˆ  25 2020 apple-app-site-association.14363.2020-06-10@13:35:40~
-rwxr-xr-x  1 yzj yzj  617 5æœˆ  25 2020 apple-app-site-association.20551.2020-06-10@13:35:41~
-rwxr-xr-x  1 yzj yzj  617 5æœˆ  25 2020 apple-app-site-association.12551.2020-06-10@13:35:41~
-rwxr-xr-x  1 yzj yzj  617 5æœˆ  25 2020 apple-app-site-association.31892.2020-06-10@13:35:41~
-rwxr-xr-x  1 yzj yzj  632 6æœˆ  10 2020 apple-app-site-association.11136.2020-07-03@15:50:40~
-rwxr-xr-x  1 yzj yzj  632 6æœˆ  10 2020 apple-app-site-association.12885.2020-07-03@15:50:41~
-rwxr-xr-x  1 yzj yzj  632 6æœˆ  10 2020 apple-app-site-association.1094.2020-07-03@15:50:41~
-rwxr-xr-x  1 yzj yzj  632 6æœˆ  10 2020 apple-app-site-association.21852.2020-07-03@15:50:41~
-rwxr-xr-x  1 yzj yzj  791 7æœˆ   3 2020 apple-app-site-association.20589.2020-07-13@16:18:09~
-rwxr-xr-x  1 yzj yzj  791 7æœˆ   3 2020 apple-app-site-association.21273.2020-07-13@16:18:10~
-rwxr-xr-x  1 yzj yzj  791 7æœˆ   3 2020 apple-app-site-association.22750.2020-07-13@16:18:10~
-rwxr-xr-x  1 yzj yzj  791 7æœˆ   3 2020 apple-app-site-association.25946.2020-07-13@16:18:10~
-rwxr-xr-x  1 yzj yzj  950 7æœˆ  13 2020 apple-app-site-association.21775.2020-09-21@19:47:01~
-rwxr-xr-x  1 yzj yzj  950 7æœˆ  13 2020 apple-app-site-association.28688.2020-09-21@19:47:01~
-rwxr-xr-x  1 yzj yzj  950 7æœˆ  13 2020 apple-app-site-association.5076.2020-09-21@19:47:02~
-rwxr-xr-x  1 yzj yzj  632 7æœˆ  28 2020 apple-app-site-association.23895.2020-07-03@15:50:40~
-rwxr-xr-x  1 yzj yzj  459 7æœˆ  28 2020 apple-app-site-association.27547.2020-05-25@18:10:19~
-rwxr-xr-x  1 yzj yzj  617 7æœˆ  28 2020 apple-app-site-association.22709.2020-06-10@13:35:41~
-rwxr-xr-x  1 yzj yzj  474 7æœˆ  28 2020 apple-app-site-association.2686.2020-05-18@11:32:16~
-rwxr-xr-x  1 yzj yzj  346 7æœˆ  28 2020 apple-app-site-association.26290.2019-10-18@13:53:58~
-rwxr-xr-x  1 yzj yzj  791 7æœˆ  28 2020 apple-app-site-association.2361.2020-07-13@16:18:10~
-rwxr-xr-x  1 yzj yzj 1.1K 9æœˆ  21 2020 apple-app-site-association.24937.2020-11-18@16:31:56~
drwxr-xr-x  3 yzj yzj   22 10æœˆ 14 2020 error
-rwxr-xr-x  1 yzj yzj 1.2K 11æœˆ 18 2020 apple-app-site-association.23435.2020-12-23@10:41:23~
-rwxr-xr-x  1 yzj yzj 1.4K 12æœˆ 23 2020 apple-app-site-association.15693.2021-01-05@13:57:05~
-rwxr-xr-x  1 yzj yzj 1.5K 1æœˆ   5 2021 apple-app-site-association.28628.2021-03-31@16:45:14~
-rwxr-xr-x  1 yzj yzj 1.5K 3æœˆ  31 2021 apple-app-site-association.13539.2021-05-08@11:11:13~
-rwxr-xr-x  1 yzj yzj 1.7K 5æœˆ   8 2021 apple-app-site-association.25077.2021-05-10@19:19:54~
-rwxr-xr-x  1 yzj yzj 1.7K 5æœˆ  10 2021 apple-app-site-association.20065.2022-03-29@16:17:44~
-rwxr-xr-x  1 yzj yzj 1.9K 3æœˆ  29 2022 apple-app-site-association.5233.2022-03-30@17:18:08~
-rwxr-xr-x  1 yzj yzj 1.9K 3æœˆ  30 2022 apple-app-site-association.10564.2022-05-18@10:33:42~
-rwxr-xr-x  1 yzj yzj 2.0K 5æœˆ  18 2022 apple-app-site-association.10670.2022-12-15@17:16:34~
-rwxr-xr-x  1 yzj yzj 2.2K 12æœˆ 15 2022 apple-app-site-association.9181.2023-01-30@14:45:14~
-rwxr-xr-x  1 yzj yzj 2.3K 1æœˆ  30 2023 apple-app-site-association.16409.2023-01-30@15:21:20~
-rwxr-xr-x  1 yzj yzj 2.3K 1æœˆ  30 2023 apple-app-site-association.14336.2024-03-08@09:15:23~
-rw-rw-r--  1 yzj yzj   16 3æœˆ  31 2023 WW_verify_MMN7SLmXPDvqwi81.txt
-rw-rw-r--  1 yzj yzj   16 4æœˆ  14 2023 WW_verify_t0n6J85OtHBKXUBh.txt
-rw-rw-r--  1 yzj yzj 9.5M 6æœˆ  21 2023 node-v17.6.0-headers.tar.gz
-rw-rw-r--  1 yzj yzj 9.5M 6æœˆ  21 2023 node-v17.6.0-headers.tar.gz.mp3
-rwxr-xr-x  1 yzj yzj 2.5K 3æœˆ   8 09:15 apple-app-site-association.13760.2024-05-31@13:26:58~
-rwxr-xr-x  1 yzj yzj 2.6K 5æœˆ  31 13:26 apple-app-site-association
drwxr-xr-x 12 yzj yzj 8.0K 5æœˆ  31 13:26 .
drwxr-xr-x  2 yzj yzj 8.0K 6æœˆ  18 19:54 downloadstaticfile
drwxr-xr-x  7 yzj yzj   74 9æœˆ   4 20:38 ..
æ€»ç”¨é‡ 829M
drwxr-xr-x 6 yzj yzj  108 9æœˆ  11 2018 node
-rwxr-xr-x 1 yzj yzj  81M 6æœˆ   4 2019 logstash-2.4.1.noarch.rpm
-rwxr-xr-x 1 yzj yzj 2.5K 6æœˆ   4 2019 rmsyslog_new.sh
-rwxr-xr-x 1 yzj yzj  12M 6æœˆ  10 2019 filebeat-6.1.0-x86_64.rpm
-rwxr-xr-x 1 yzj yzj 7.9K 10æœˆ 23 2019 rmapplog_new.sh
-rwxr-xr-x 1 yzj yzj 7.3K 11æœˆ  4 2019 check_process.sh
-rwxr-xr-x 1 yzj yzj  17M 11æœˆ 11 2019 node-v8.12.0-linux-x64.tar.gz
-rwxr-xr-x 1 yzj yzj 1.2M 11æœˆ 11 2019 yarn.tar.gz
-rwxr-xr-x 1 yzj yzj  31M 11æœˆ 11 2019 node_v8_offline.tar.gz
-rwxr-xr-x 1 yzj yzj 687M 4æœˆ  22 2020 home.zip
-rwxr-xr-x 1 yzj yzj 999K 10æœˆ 14 2020 images.zip
-rw-rw-r-- 1 yzj yzj  913 11æœˆ  4 2022 clean_deploy_oldfile.sh
-rwxr-xr-x 1 yzj yzj 6.2K 6æœˆ  13 2023 cutnginxlog.sh
drwxr-xr-x 3 yzj yzj 4.0K 6æœˆ  13 2023 .
-rw-rw-r-- 1 yzj yzj 131K 9æœˆ   4 01:00 deploy_backup_clean.log
drwxr-xr-x 7 yzj yzj   74 9æœˆ   4 20:38 ..
æ€»ç”¨é‡ 284K
drwxr-xr-x  2 yzj  yzj  4.0K 6æœˆ   3 2019 rewrite_conf.d
-rwxr-xr-x  1 yzj  yzj   664 6æœˆ  18 2019 uwsgi_params
-rwxr-xr-x  1 yzj  yzj   964 6æœˆ  18 2019 fastcgi_params
-rwxr-xr-x  1 yzj  yzj  1.1K 6æœˆ  18 2019 fastcgi.conf
-rwxr-xr-x  1 yzj  yzj  3.9K 6æœˆ  18 2019 mime.types
-rwxr-xr-x  1 yzj  yzj   636 6æœˆ  18 2019 scgi_params
drwxr-xr-x  2 yzj  yzj  4.0K 7æœˆ   6 2020 ops_conf.d
-rwxr-xr-x  1 yzj  yzj  2.2K 12æœˆ 11 2020 koi-win
-rwxr-xr-x  1 yzj  yzj  2.8K 12æœˆ 11 2020 koi-utf
-rwxr-xr-x  1 yzj  yzj  3.6K 12æœˆ 11 2020 win-utf
-rwxr-xr-x  1 yzj  yzj  5.2K 12æœˆ 11 2020 mime.types.default
-rwxr-xr-x  1 yzj  yzj  1007 12æœˆ 11 2020 fastcgi_params.default
-rwxr-xr-x  1 yzj  yzj  1.1K 12æœˆ 11 2020 fastcgi.conf.default
-rwxr-xr-x  1 yzj  yzj   664 12æœˆ 11 2020 uwsgi_params.default
-rwxr-xr-x  1 yzj  yzj   636 12æœˆ 11 2020 scgi_params.default
-rwxr-xr-x  1 yzj  yzj  2.6K 12æœˆ 11 2020 nginx.conf.default
-rwxr-xr-x  1 yzj  yzj   27K 4æœˆ  21 2023 nginx.conf.bak20230421
-rwxr-xr-x  1 yzj  yzj   27K 6æœˆ  29 2023 nginx.conf.bak20230629
drwxr-xr-x  2 yzj  yzj  4.0K 8æœˆ   7 2023 static_conf.d
drwxr-xr-x  3 yzj  yzj  4.0K 11æœˆ  7 2023 luawaf
-rw-rw-rw-  1 yzj  yzj  1.1K 11æœˆ 24 2023 limit.json
-rw-rw-rw-  1 yzj  yzj   26K 11æœˆ 25 2023 config.json
drwxr-xr-x  2 yzj  yzj  4.0K 12æœˆ 11 2023 web_conf.d
-rwxr-xr-x  1 yzj  yzj   27K 12æœˆ 22 2023 nginx.conf.bak20231222
drwxr-xr-x  4 yzj  yzj   20K 8æœˆ  15 18:55 upstream
drwxr-xr-x  2 yzj  yzj  4.0K 8æœˆ  15 18:59 buluo_conf.d
-rwxr-xr-x  1 yzj  yzj   27K 8æœˆ  15 19:06 nginx.conf
drwxr-xr-x 12 yzj  yzj  4.0K 8æœˆ  15 19:06 .
drwxr-xr-x  2 yzj  yzj   20K 9æœˆ   2 12:29 conf.d
drwxr-xr-x  4 yzj  yzj  4.0K 9æœˆ   3 19:18 vhost.conf
drwxr-xr-x  2 yzj  yzj  4.0K 9æœˆ   3 19:18 rapidssl
drwxr-xr-x 10 root root 4.0K 9æœˆ   4 20:37 ..
æ€»ç”¨é‡ 68K
-rw-r--r-- 1 root root  20K 5æœˆ  15 2020 healthcheck.lua.451bb7b57933ddb3cfee4a8d57c31dcf
-rw-r--r-- 1 root root  20K 5æœˆ  15 2020 healthcheck.lua
-rw-r--r-- 1 root root  18K 9æœˆ   4 20:31 healthcheck.lua.884348385a6cdc7136b3dd4f2c409336
drwxr-xr-x 8 root root 4.0K 9æœˆ   4 20:31 ..
drwxr-xr-x 2 root root 4.0K 9æœˆ   4 20:38 .
451bb7b57933ddb3cfee4a8d57c31dcf  /usr/local/openresty/lualib/resty/upstream/healthcheck.lua
[[0;32mInfo[0m] å³å°†é‡å¯nginx
3-    allow 120.234.7.222;
4:    allow 10.247.11.204;
5-    allow 172.22.31.250;
nginx: the configuration file /usr/local/openresty/nginx/conf/nginx.conf syntax is ok
nginx: configuration file /usr/local/openresty/nginx/conf/nginx.conf test is successful
root     26419     1  0 20:37 ?        00:00:00 nginx: master process /usr/local/openresty/nginx/sbin/nginx
yzj      26420 26419  0 20:37 ?        00:00:00 nginx: worker process
yzj      26421 26419  0 20:37 ?        00:00:00 nginx: worker process
yzj      26422 26419  0 20:37 ?        00:00:00 nginx: worker process
yzj      26423 26419  0 20:37 ?        00:00:00 nginx: worker process
yzj      26424 26419  0 20:37 ?        00:00:00 nginx: cache manager process


root     26959     1  1 20:39 ?        00:00:00 nginx: master process /usr/local/openresty/nginx/sbin/nginx
yzj      26960 26959  0 20:39 ?        00:00:00 nginx: worker process
yzj      26961 26959  0 20:39 ?        00:00:00 nginx: worker process
yzj      26962 26959  0 20:39 ?        00:00:00 nginx: worker process
yzj      26963 26959  0 20:39 ?        00:00:00 nginx: worker process
yzj      26964 26959  0 20:39 ?        00:00:00 nginx: cache manager process
yzj      26965 26959  0 20:39 ?        00:00:00 nginx: cache loader process
root     26979 26817  0 20:39 pts/1    00:00:00 grep nginx
*/5 * * * * flock -xn /tmp/stargate.lock -c '/usr/local/qcloud/stargate/admin/start.sh > /dev/null 2>&1 &'
30 7 * * * /bin/nice -n 0 /bin/bash /etc/kdinit/Linux_CheckList.sh
*/5 * * * * /bin/bash /etc/kdinit/iptables_check.sh
0 0 * * * /bin/bash /kingdee/kdinit/cutnginxlog.sh >> /kingdee/nginxLog/cutnginxlog.log 2>&1
Failed to stop postfix.service: Unit postfix.service not loaded.
drwxr-xr-x    7 yzj  yzj    74 9æœˆ   4 20:39 kingdee


drwxr-xr-x  3 yzj yzj 4.0K 6æœˆ  13 2023 kdinit
drwxr-xr-x 90 yzj yzj 4.0K 6æœˆ  21 2023 www
drwxr-xr-x 12 yzj yzj 8.0K 5æœˆ  31 13:26 static
drwxr-xr-x  4 yzj yzj   30 9æœˆ   4 20:02 cache
drwxr-xr-x  3 yzj yzj  130 9æœˆ   4 20:39 nginxLog


drwxr-xr-x 12 yzj  yzj  4.0K 8æœˆ  15 19:06 conf
drwxr-xr-x  2 root root 4.0K 9æœˆ   4 20:31 sbin
drwxr-xr-x  2 root root 4.0K 9æœˆ   4 20:31 html
drwxr-xr-x  2 root root 4.0K 9æœˆ   4 20:37 logs
drwx------  2 yzj  root 4.0K 9æœˆ   4 20:37 uwsgi_temp
drwx------  2 yzj  root 4.0K 9æœˆ   4 20:37 scgi_temp
drwx------  2 yzj  root 4.0K 9æœˆ   4 20:37 fastcgi_temp
drwx------  2 yzj  root 4.0K 9æœˆ   4 20:37 client_body_temp


